{"meta": {"format": 3, "version": "7.11.0", "timestamp": "2025-11-01T15:52:21.262594", "branch_coverage": false, "show_contexts": false}, "files": {"peakbagger/__init__.py": {"executed_lines": [1, 3], "summary": {"covered_lines": 1, "num_statements": 1, "percent_covered": 100.0, "percent_covered_display": "100", "missing_lines": 0, "excluded_lines": 0}, "missing_lines": [], "excluded_lines": [], "functions": {"": {"executed_lines": [1, 3], "summary": {"covered_lines": 1, "num_statements": 1, "percent_covered": 100.0, "percent_covered_display": "100", "missing_lines": 0, "excluded_lines": 0}, "missing_lines": [], "excluded_lines": []}}, "classes": {"": {"executed_lines": [1, 3], "summary": {"covered_lines": 1, "num_statements": 1, "percent_covered": 100.0, "percent_covered_display": "100", "missing_lines": 0, "excluded_lines": 0}, "missing_lines": [], "excluded_lines": []}}}, "peakbagger/cli.py": {"executed_lines": [1, 3, 5, 6, 8, 9, 10, 11, 12, 14, 18, 21, 30, 33, 34, 35, 41, 46, 52, 57, 58, 61, 62, 65, 66, 68, 69, 70, 71, 72, 75, 78, 79, 81, 84, 85, 87, 90, 91, 92, 99, 104, 110, 111, 127, 128, 129, 131, 133, 136, 137, 138, 141, 143, 144, 147, 148, 149, 150, 151, 152, 155, 158, 160, 161, 162, 164, 167, 168, 169, 176, 182, 183, 195, 196, 197, 199, 201, 204, 209, 211, 216, 218, 219, 220, 222, 225, 226, 227, 234, 239, 244, 249, 254, 259, 265, 271, 272, 301, 303, 306, 310, 311, 312, 313, 315, 317, 318, 319, 322, 327, 329, 330, 331, 334, 335, 343, 351, 354, 359, 363, 371, 372, 373, 375, 378, 379, 380, 387, 392, 397, 402, 407, 413, 419, 420, 448, 450, 453, 457, 458, 459, 460, 462, 464, 465, 466, 469, 474, 476, 477, 478, 481, 482, 490, 498, 499, 507, 514, 521, 522, 523, 525, 528, 529, 530, 537, 543, 544, 556, 557, 558, 560, 562, 565, 570, 572, 577, 579, 580, 581, 583, 586], "summary": {"covered_lines": 181, "num_statements": 226, "percent_covered": 80.08849557522124, "percent_covered_display": "80", "missing_lines": 45, "excluded_lines": 2}, "missing_lines": [153, 205, 206, 212, 213, 307, 308, 323, 324, 336, 337, 338, 339, 340, 341, 342, 344, 345, 346, 352, 355, 454, 455, 470, 471, 483, 484, 485, 486, 487, 488, 489, 491, 492, 493, 500, 501, 502, 503, 504, 566, 567, 573, 574, 587], "excluded_lines": [14, 15], "functions": {"_error": {"executed_lines": [30], "summary": {"covered_lines": 1, "num_statements": 1, "percent_covered": 100.0, "percent_covered_display": "100", "missing_lines": 0, "excluded_lines": 0}, "missing_lines": [], "excluded_lines": []}, "main": {"executed_lines": [61, 62, 65, 66, 68, 69, 70, 71, 72, 75], "summary": {"covered_lines": 10, "num_statements": 10, "percent_covered": 100.0, "percent_covered_display": "100", "missing_lines": 0, "excluded_lines": 0}, "missing_lines": [], "excluded_lines": []}, "peak": {"executed_lines": [81], "summary": {"covered_lines": 1, "num_statements": 1, "percent_covered": 100.0, "percent_covered_display": "100", "missing_lines": 0, "excluded_lines": 0}, "missing_lines": [], "excluded_lines": []}, "ascent": {"executed_lines": [87], "summary": {"covered_lines": 1, "num_statements": 1, "percent_covered": 100.0, "percent_covered_display": "100", "missing_lines": 0, "excluded_lines": 0}, "missing_lines": [], "excluded_lines": []}, "search": {"executed_lines": [127, 128, 129, 131, 133, 136, 137, 138, 141, 143, 144, 147, 148, 149, 150, 151, 152, 155, 158, 160, 161, 162, 164], "summary": {"covered_lines": 23, "num_statements": 24, "percent_covered": 95.83333333333333, "percent_covered_display": "96", "missing_lines": 1, "excluded_lines": 0}, "missing_lines": [153], "excluded_lines": []}, "show": {"executed_lines": [195, 196, 197, 199, 201, 204, 209, 211, 216, 218, 219, 220, 222], "summary": {"covered_lines": 13, "num_statements": 17, "percent_covered": 76.47058823529412, "percent_covered_display": "76", "missing_lines": 4, "excluded_lines": 0}, "missing_lines": [205, 206, 212, 213], "excluded_lines": []}, "ascents": {"executed_lines": [301, 303, 306, 310, 311, 312, 313, 315, 317, 318, 319, 322, 327, 329, 330, 331, 334, 335, 343, 351, 354, 359, 363, 371, 372, 373, 375], "summary": {"covered_lines": 27, "num_statements": 43, "percent_covered": 62.7906976744186, "percent_covered_display": "63", "missing_lines": 16, "excluded_lines": 0}, "missing_lines": [307, 308, 323, 324, 336, 337, 338, 339, 340, 341, 342, 344, 345, 346, 352, 355], "excluded_lines": []}, "stats": {"executed_lines": [448, 450, 453, 457, 458, 459, 460, 462, 464, 465, 466, 469, 474, 476, 477, 478, 481, 482, 490, 498, 499, 507, 514, 521, 522, 523, 525], "summary": {"covered_lines": 27, "num_statements": 46, "percent_covered": 58.69565217391305, "percent_covered_display": "59", "missing_lines": 19, "excluded_lines": 0}, "missing_lines": [454, 455, 470, 471, 483, 484, 485, 486, 487, 488, 489, 491, 492, 493, 500, 501, 502, 503, 504], "excluded_lines": []}, "show_ascent": {"executed_lines": [556, 557, 558, 560, 562, 565, 570, 572, 577, 579, 580, 581, 583], "summary": {"covered_lines": 13, "num_statements": 17, "percent_covered": 76.47058823529412, "percent_covered_display": "76", "missing_lines": 4, "excluded_lines": 0}, "missing_lines": [566, 567, 573, 574], "excluded_lines": []}, "": {"executed_lines": [1, 3, 5, 6, 8, 9, 10, 11, 12, 14, 18, 21, 33, 34, 35, 41, 46, 52, 57, 58, 78, 79, 84, 85, 90, 91, 92, 99, 104, 110, 111, 167, 168, 169, 176, 182, 183, 225, 226, 227, 234, 239, 244, 249, 254, 259, 265, 271, 272, 378, 379, 380, 387, 392, 397, 402, 407, 413, 419, 420, 528, 529, 530, 537, 543, 544, 586], "summary": {"covered_lines": 65, "num_statements": 66, "percent_covered": 98.48484848484848, "percent_covered_display": "98", "missing_lines": 1, "excluded_lines": 2}, "missing_lines": [587], "excluded_lines": [14, 15]}}, "classes": {"": {"executed_lines": [1, 3, 5, 6, 8, 9, 10, 11, 12, 14, 18, 21, 30, 33, 34, 35, 41, 46, 52, 57, 58, 61, 62, 65, 66, 68, 69, 70, 71, 72, 75, 78, 79, 81, 84, 85, 87, 90, 91, 92, 99, 104, 110, 111, 127, 128, 129, 131, 133, 136, 137, 138, 141, 143, 144, 147, 148, 149, 150, 151, 152, 155, 158, 160, 161, 162, 164, 167, 168, 169, 176, 182, 183, 195, 196, 197, 199, 201, 204, 209, 211, 216, 218, 219, 220, 222, 225, 226, 227, 234, 239, 244, 249, 254, 259, 265, 271, 272, 301, 303, 306, 310, 311, 312, 313, 315, 317, 318, 319, 322, 327, 329, 330, 331, 334, 335, 343, 351, 354, 359, 363, 371, 372, 373, 375, 378, 379, 380, 387, 392, 397, 402, 407, 413, 419, 420, 448, 450, 453, 457, 458, 459, 460, 462, 464, 465, 466, 469, 474, 476, 477, 478, 481, 482, 490, 498, 499, 507, 514, 521, 522, 523, 525, 528, 529, 530, 537, 543, 544, 556, 557, 558, 560, 562, 565, 570, 572, 577, 579, 580, 581, 583, 586], "summary": {"covered_lines": 181, "num_statements": 226, "percent_covered": 80.08849557522124, "percent_covered_display": "80", "missing_lines": 45, "excluded_lines": 2}, "missing_lines": [153, 205, 206, 212, 213, 307, 308, 323, 324, 336, 337, 338, 339, 340, 341, 342, 344, 345, 346, 352, 355, 454, 455, 470, 471, 483, 484, 485, 486, 487, 488, 489, 491, 492, 493, 500, 501, 502, 503, 504, 566, 567, 573, 574, 587], "excluded_lines": [14, 15]}}}, "peakbagger/client.py": {"executed_lines": [1, 3, 4, 6, 7, 9, 12, 13, 15, 17, 24, 25, 28, 33, 39, 41, 42, 43, 44, 45, 46, 48, 63, 66, 67, 69, 70, 71, 72, 73, 74, 77, 79, 80, 81, 82, 84, 86], "summary": {"covered_lines": 36, "num_statements": 36, "percent_covered": 100.0, "percent_covered_display": "100", "missing_lines": 0, "excluded_lines": 0}, "missing_lines": [], "excluded_lines": [], "functions": {"PeakBaggerClient.__init__": {"executed_lines": [24, 25, 28, 33], "summary": {"covered_lines": 4, "num_statements": 4, "percent_covered": 100.0, "percent_covered_display": "100", "missing_lines": 0, "excluded_lines": 0}, "missing_lines": [], "excluded_lines": []}, "PeakBaggerClient._wait_for_rate_limit": {"executed_lines": [41, 42, 43, 44, 45, 46], "summary": {"covered_lines": 6, "num_statements": 6, "percent_covered": 100.0, "percent_covered_display": "100", "missing_lines": 0, "excluded_lines": 0}, "missing_lines": [], "excluded_lines": []}, "PeakBaggerClient.get": {"executed_lines": [63, 66, 67, 69, 70, 71, 72, 73, 74, 77, 79, 80, 81, 82], "summary": {"covered_lines": 14, "num_statements": 14, "percent_covered": 100.0, "percent_covered_display": "100", "missing_lines": 0, "excluded_lines": 0}, "missing_lines": [], "excluded_lines": []}, "PeakBaggerClient.close": {"executed_lines": [86], "summary": {"covered_lines": 1, "num_statements": 1, "percent_covered": 100.0, "percent_covered_display": "100", "missing_lines": 0, "excluded_lines": 0}, "missing_lines": [], "excluded_lines": []}, "": {"executed_lines": [1, 3, 4, 6, 7, 9, 12, 13, 15, 17, 39, 48, 84], "summary": {"covered_lines": 11, "num_statements": 11, "percent_covered": 100.0, "percent_covered_display": "100", "missing_lines": 0, "excluded_lines": 0}, "missing_lines": [], "excluded_lines": []}}, "classes": {"PeakBaggerClient": {"executed_lines": [24, 25, 28, 33, 41, 42, 43, 44, 45, 46, 63, 66, 67, 69, 70, 71, 72, 73, 74, 77, 79, 80, 81, 82, 86], "summary": {"covered_lines": 25, "num_statements": 25, "percent_covered": 100.0, "percent_covered_display": "100", "missing_lines": 0, "excluded_lines": 0}, "missing_lines": [], "excluded_lines": []}, "": {"executed_lines": [1, 3, 4, 6, 7, 9, 12, 13, 15, 17, 39, 48, 84], "summary": {"covered_lines": 11, "num_statements": 11, "percent_covered": 100.0, "percent_covered_display": "100", "missing_lines": 0, "excluded_lines": 0}, "missing_lines": [], "excluded_lines": []}}}, "peakbagger/formatters.py": {"executed_lines": [1, 3, 4, 5, 7, 8, 9, 11, 14, 15, 17, 20, 22, 32, 33, 34, 35, 36, 37, 38, 39, 40, 41, 43, 44, 45, 47, 57, 58, 60, 62, 70, 71, 73, 75, 83, 84, 86, 87, 88, 89, 91, 97, 99, 101, 102, 103, 105, 108, 109, 110, 111, 112, 113, 115, 117, 120, 123, 124, 125, 126, 127, 130, 132, 134, 136, 139, 140, 141, 142, 143, 146, 147, 148, 151, 152, 153, 154, 155, 158, 159, 160, 161, 162, 165, 166, 167, 168, 169, 172, 173, 175, 176, 178, 179, 182, 183, 184, 185, 186, 189, 190, 192, 195, 196, 197, 198, 199, 200, 201, 202, 203, 204, 205, 206, 207, 208, 209, 210, 211, 214, 215, 218, 219, 220, 221, 222, 223, 224, 225, 226, 227, 228, 229, 231, 249, 250, 251, 253, 254, 255, 256, 258, 260, 274, 275, 276, 277, 279, 281, 282, 283, 284, 285, 289, 292, 293, 294, 295, 297, 298, 299, 301, 304, 305, 306, 309, 310, 311, 313, 316, 317, 318, 321, 322, 327, 330, 331, 334, 335, 336, 337, 338, 339, 340, 341, 344, 346, 349, 360, 362, 363, 364, 365, 366, 367, 368, 372, 382, 384, 392, 394, 397, 398, 399, 402, 403, 406, 409, 410, 411, 414, 415, 417, 418, 420, 421, 424, 425, 426, 427, 428, 429, 431, 432, 434, 435, 436, 438, 442, 445, 446, 448, 449, 451, 452, 453, 454, 455, 458, 459, 460, 461, 463, 466, 467, 468, 470, 471, 473, 474], "summary": {"covered_lines": 249, "num_statements": 250, "percent_covered": 99.6, "percent_covered_display": "99", "missing_lines": 1, "excluded_lines": 0}, "missing_lines": [439], "excluded_lines": [], "functions": {"PeakFormatter.__init__": {"executed_lines": [20], "summary": {"covered_lines": 1, "num_statements": 1, "percent_covered": 100.0, "percent_covered_display": "100", "missing_lines": 0, "excluded_lines": 0}, "missing_lines": [], "excluded_lines": []}, "PeakFormatter._parse_date_for_sort": {"executed_lines": [32, 33, 34, 35, 36, 37, 38, 39, 40, 41, 43, 44, 45], "summary": {"covered_lines": 13, "num_statements": 13, "percent_covered": 100.0, "percent_covered_display": "100", "missing_lines": 0, "excluded_lines": 0}, "missing_lines": [], "excluded_lines": []}, "PeakFormatter.format_search_results": {"executed_lines": [57, 58, 60], "summary": {"covered_lines": 3, "num_statements": 3, "percent_covered": 100.0, "percent_covered_display": "100", "missing_lines": 0, "excluded_lines": 0}, "missing_lines": [], "excluded_lines": []}, "PeakFormatter.format_peak_detail": {"executed_lines": [70, 71, 73], "summary": {"covered_lines": 3, "num_statements": 3, "percent_covered": 100.0, "percent_covered_display": "100", "missing_lines": 0, "excluded_lines": 0}, "missing_lines": [], "excluded_lines": []}, "PeakFormatter.format_peaks": {"executed_lines": [83, 84, 86, 87, 88, 89], "summary": {"covered_lines": 6, "num_statements": 6, "percent_covered": 100.0, "percent_covered_display": "100", "missing_lines": 0, "excluded_lines": 0}, "missing_lines": [], "excluded_lines": []}, "PeakFormatter._print_json": {"executed_lines": [97], "summary": {"covered_lines": 1, "num_statements": 1, "percent_covered": 100.0, "percent_covered_display": "100", "missing_lines": 0, "excluded_lines": 0}, "missing_lines": [], "excluded_lines": []}, "PeakFormatter._print_search_table": {"executed_lines": [101, 102, 103, 105, 108, 109, 110, 111, 112, 113, 115, 117, 120, 123, 124, 125, 126, 127, 130, 132, 134], "summary": {"covered_lines": 21, "num_statements": 21, "percent_covered": 100.0, "percent_covered_display": "100", "missing_lines": 0, "excluded_lines": 0}, "missing_lines": [], "excluded_lines": []}, "PeakFormatter._print_peak_detail": {"executed_lines": [139, 140, 141, 142, 143, 146, 147, 148, 151, 152, 153, 154, 155, 158, 159, 160, 161, 162, 165, 166, 167, 168, 169, 172, 173, 175, 176, 178, 179, 182, 183, 184, 185, 186, 189, 190, 192, 195, 196, 197, 198, 199, 200, 201, 202, 203, 204, 205, 206, 207, 208, 209, 210, 211, 214, 215, 218, 219, 220, 221, 222, 223, 224, 225, 226, 227, 228, 229], "summary": {"covered_lines": 68, "num_statements": 68, "percent_covered": 100.0, "percent_covered_display": "100", "missing_lines": 0, "excluded_lines": 0}, "missing_lines": [], "excluded_lines": []}, "PeakFormatter.format_ascent_statistics": {"executed_lines": [249, 250, 251, 253, 254, 255, 256, 258], "summary": {"covered_lines": 8, "num_statements": 8, "percent_covered": 100.0, "percent_covered_display": "100", "missing_lines": 0, "excluded_lines": 0}, "missing_lines": [], "excluded_lines": []}, "PeakFormatter._print_ascent_statistics": {"executed_lines": [274, 275, 276, 277, 279, 281, 282, 283, 284, 285, 289, 292, 293, 294, 295, 297, 298, 299, 301, 304, 305, 306, 309, 310, 311, 313, 316, 317, 318, 321, 322, 327, 330, 331, 334, 335, 336, 337, 338, 339, 340, 341, 344, 362, 363, 364, 365, 366, 367, 368, 372, 382], "summary": {"covered_lines": 52, "num_statements": 52, "percent_covered": 100.0, "percent_covered_display": "100", "missing_lines": 0, "excluded_lines": 0}, "missing_lines": [], "excluded_lines": []}, "PeakFormatter._print_ascent_statistics.strip_emojis": {"executed_lines": [346, 349, 360], "summary": {"covered_lines": 3, "num_statements": 3, "percent_covered": 100.0, "percent_covered_display": "100", "missing_lines": 0, "excluded_lines": 0}, "missing_lines": [], "excluded_lines": []}, "PeakFormatter.format_ascent_detail": {"executed_lines": [392, 394, 397, 398, 399, 402, 403, 406, 409, 410, 411, 414, 415, 417, 418, 420, 421, 424, 425, 426, 427, 428, 429, 431, 432, 434, 435, 436, 438, 442, 445, 446, 448, 449, 451, 452, 453, 454, 455, 458, 459, 460, 461, 463, 466, 467, 468, 470, 471, 473, 474], "summary": {"covered_lines": 51, "num_statements": 52, "percent_covered": 98.07692307692308, "percent_covered_display": "98", "missing_lines": 1, "excluded_lines": 0}, "missing_lines": [439], "excluded_lines": []}, "": {"executed_lines": [1, 3, 4, 5, 7, 8, 9, 11, 14, 15, 17, 22, 47, 62, 75, 91, 99, 136, 231, 260, 384], "summary": {"covered_lines": 19, "num_statements": 19, "percent_covered": 100.0, "percent_covered_display": "100", "missing_lines": 0, "excluded_lines": 0}, "missing_lines": [], "excluded_lines": []}}, "classes": {"PeakFormatter": {"executed_lines": [20, 32, 33, 34, 35, 36, 37, 38, 39, 40, 41, 43, 44, 45, 57, 58, 60, 70, 71, 73, 83, 84, 86, 87, 88, 89, 97, 101, 102, 103, 105, 108, 109, 110, 111, 112, 113, 115, 117, 120, 123, 124, 125, 126, 127, 130, 132, 134, 139, 140, 141, 142, 143, 146, 147, 148, 151, 152, 153, 154, 155, 158, 159, 160, 161, 162, 165, 166, 167, 168, 169, 172, 173, 175, 176, 178, 179, 182, 183, 184, 185, 186, 189, 190, 192, 195, 196, 197, 198, 199, 200, 201, 202, 203, 204, 205, 206, 207, 208, 209, 210, 211, 214, 215, 218, 219, 220, 221, 222, 223, 224, 225, 226, 227, 228, 229, 249, 250, 251, 253, 254, 255, 256, 258, 274, 275, 276, 277, 279, 281, 282, 283, 284, 285, 289, 292, 293, 294, 295, 297, 298, 299, 301, 304, 305, 306, 309, 310, 311, 313, 316, 317, 318, 321, 322, 327, 330, 331, 334, 335, 336, 337, 338, 339, 340, 341, 344, 346, 349, 360, 362, 363, 364, 365, 366, 367, 368, 372, 382, 392, 394, 397, 398, 399, 402, 403, 406, 409, 410, 411, 414, 415, 417, 418, 420, 421, 424, 425, 426, 427, 428, 429, 431, 432, 434, 435, 436, 438, 442, 445, 446, 448, 449, 451, 452, 453, 454, 455, 458, 459, 460, 461, 463, 466, 467, 468, 470, 471, 473, 474], "summary": {"covered_lines": 230, "num_statements": 231, "percent_covered": 99.56709956709956, "percent_covered_display": "99", "missing_lines": 1, "excluded_lines": 0}, "missing_lines": [439], "excluded_lines": []}, "": {"executed_lines": [1, 3, 4, 5, 7, 8, 9, 11, 14, 15, 17, 22, 47, 62, 75, 91, 99, 136, 231, 260, 384], "summary": {"covered_lines": 19, "num_statements": 19, "percent_covered": 100.0, "percent_covered_display": "100", "missing_lines": 0, "excluded_lines": 0}, "missing_lines": [], "excluded_lines": []}}}, "peakbagger/logging_config.py": {"executed_lines": [1, 3, 4, 6, 8, 12, 25, 28, 38, 52, 54], "summary": {"covered_lines": 9, "num_statements": 11, "percent_covered": 81.81818181818181, "percent_covered_display": "82", "missing_lines": 2, "excluded_lines": 2}, "missing_lines": [30, 40], "excluded_lines": [8, 9], "functions": {"configure_logging": {"executed_lines": [25, 28, 38], "summary": {"covered_lines": 3, "num_statements": 5, "percent_covered": 60.0, "percent_covered_display": "60", "missing_lines": 2, "excluded_lines": 0}, "missing_lines": [30, 40], "excluded_lines": []}, "get_logger": {"executed_lines": [54], "summary": {"covered_lines": 1, "num_statements": 1, "percent_covered": 100.0, "percent_covered_display": "100", "missing_lines": 0, "excluded_lines": 0}, "missing_lines": [], "excluded_lines": []}, "": {"executed_lines": [1, 3, 4, 6, 8, 12, 52], "summary": {"covered_lines": 5, "num_statements": 5, "percent_covered": 100.0, "percent_covered_display": "100", "missing_lines": 0, "excluded_lines": 2}, "missing_lines": [], "excluded_lines": [8, 9]}}, "classes": {"": {"executed_lines": [1, 3, 4, 6, 8, 12, 25, 28, 38, 52, 54], "summary": {"covered_lines": 9, "num_statements": 11, "percent_covered": 81.81818181818181, "percent_covered_display": "82", "missing_lines": 2, "excluded_lines": 2}, "missing_lines": [30, 40], "excluded_lines": [8, 9]}}}, "peakbagger/models.py": {"executed_lines": [1, 3, 5, 8, 9, 11, 12, 13, 14, 15, 16, 17, 18, 19, 20, 21, 22, 23, 24, 27, 28, 29, 31, 33, 63, 64, 66, 67, 68, 69, 70, 71, 72, 74, 76, 89, 90, 92, 93, 94, 95, 96, 97, 98, 99, 102, 105, 106, 107, 108, 109, 112, 113, 114, 117, 118, 120, 122, 135, 141, 142, 144, 145, 146, 147, 148, 149, 150, 151, 152, 153, 154, 155, 158, 168, 169, 170, 173, 176, 177, 179, 180, 181, 182, 183, 184, 185, 186, 190, 192, 203, 204, 205], "summary": {"covered_lines": 88, "num_statements": 96, "percent_covered": 91.66666666666667, "percent_covered_display": "92", "missing_lines": 8, "excluded_lines": 0}, "missing_lines": [159, 160, 161, 162, 163, 164, 165, 171], "excluded_lines": [], "functions": {"Peak.to_dict": {"executed_lines": [33], "summary": {"covered_lines": 1, "num_statements": 1, "percent_covered": 100.0, "percent_covered_display": "100", "missing_lines": 0, "excluded_lines": 0}, "missing_lines": [], "excluded_lines": []}, "SearchResult.to_dict": {"executed_lines": [76], "summary": {"covered_lines": 1, "num_statements": 1, "percent_covered": 100.0, "percent_covered_display": "100", "missing_lines": 0, "excluded_lines": 0}, "missing_lines": [], "excluded_lines": []}, "Ascent.to_dict": {"executed_lines": [122, 135, 141, 142, 144, 145, 146, 147, 148, 149, 150, 151, 152, 153, 154, 155, 158, 168, 169, 170, 173], "summary": {"covered_lines": 21, "num_statements": 29, "percent_covered": 72.41379310344827, "percent_covered_display": "72", "missing_lines": 8, "excluded_lines": 0}, "missing_lines": [159, 160, 161, 162, 163, 164, 165, 171], "excluded_lines": []}, "AscentStatistics.to_dict": {"executed_lines": [192, 203, 204, 205], "summary": {"covered_lines": 4, "num_statements": 4, "percent_covered": 100.0, "percent_covered_display": "100", "missing_lines": 0, "excluded_lines": 0}, "missing_lines": [], "excluded_lines": []}, "": {"executed_lines": [1, 3, 5, 8, 9, 11, 12, 13, 14, 15, 16, 17, 18, 19, 20, 21, 22, 23, 24, 27, 28, 29, 31, 63, 64, 66, 67, 68, 69, 70, 71, 72, 74, 89, 90, 92, 93, 94, 95, 96, 97, 98, 99, 102, 105, 106, 107, 108, 109, 112, 113, 114, 117, 118, 120, 176, 177, 179, 180, 181, 182, 183, 184, 185, 186, 190], "summary": {"covered_lines": 61, "num_statements": 61, "percent_covered": 100.0, "percent_covered_display": "100", "missing_lines": 0, "excluded_lines": 0}, "missing_lines": [], "excluded_lines": []}}, "classes": {"Peak": {"executed_lines": [33], "summary": {"covered_lines": 1, "num_statements": 1, "percent_covered": 100.0, "percent_covered_display": "100", "missing_lines": 0, "excluded_lines": 0}, "missing_lines": [], "excluded_lines": []}, "SearchResult": {"executed_lines": [76], "summary": {"covered_lines": 1, "num_statements": 1, "percent_covered": 100.0, "percent_covered_display": "100", "missing_lines": 0, "excluded_lines": 0}, "missing_lines": [], "excluded_lines": []}, "Ascent": {"executed_lines": [122, 135, 141, 142, 144, 145, 146, 147, 148, 149, 150, 151, 152, 153, 154, 155, 158, 168, 169, 170, 173], "summary": {"covered_lines": 21, "num_statements": 29, "percent_covered": 72.41379310344827, "percent_covered_display": "72", "missing_lines": 8, "excluded_lines": 0}, "missing_lines": [159, 160, 161, 162, 163, 164, 165, 171], "excluded_lines": []}, "AscentStatistics": {"executed_lines": [192, 203, 204, 205], "summary": {"covered_lines": 4, "num_statements": 4, "percent_covered": 100.0, "percent_covered_display": "100", "missing_lines": 0, "excluded_lines": 0}, "missing_lines": [], "excluded_lines": []}, "": {"executed_lines": [1, 3, 5, 8, 9, 11, 12, 13, 14, 15, 16, 17, 18, 19, 20, 21, 22, 23, 24, 27, 28, 29, 31, 63, 64, 66, 67, 68, 69, 70, 71, 72, 74, 89, 90, 92, 93, 94, 95, 96, 97, 98, 99, 102, 105, 106, 107, 108, 109, 112, 113, 114, 117, 118, 120, 176, 177, 179, 180, 181, 182, 183, 184, 185, 186, 190], "summary": {"covered_lines": 61, "num_statements": 61, "percent_covered": 100.0, "percent_covered_display": "100", "missing_lines": 0, "excluded_lines": 0}, "missing_lines": [], "excluded_lines": []}}}, "peakbagger/scraper.py": {"executed_lines": [1, 3, 5, 6, 8, 10, 11, 13, 15, 19, 20, 22, 23, 33, 34, 35, 39, 40, 41, 42, 45, 46, 47, 48, 51, 52, 54, 55, 56, 57, 60, 61, 62, 64, 65, 68, 69, 72, 75, 78, 81, 82, 83, 86, 87, 90, 91, 92, 93, 94, 95, 97, 109, 110, 112, 113, 124, 125, 127, 129, 130, 131, 132, 134, 136, 137, 138, 140, 143, 146, 147, 148, 150, 151, 152, 153, 154, 159, 160, 161, 162, 163, 166, 167, 168, 169, 173, 174, 175, 176, 179, 180, 181, 182, 183, 184, 186, 189, 190, 193, 196, 200, 203, 204, 205, 208, 209, 210, 212, 213, 222, 223, 233, 237, 239, 240, 241, 242, 243, 247, 249, 250, 260, 264, 266, 267, 268, 270, 273, 276, 277, 278, 281, 282, 283, 286, 287, 288, 290, 292, 294, 295, 308, 309, 310, 313, 314, 317, 318, 319, 321, 322, 323, 324, 327, 328, 329, 332, 333, 335, 338, 342, 343, 345, 346, 347, 350, 352, 353, 354, 357, 358, 359, 360, 361, 363, 366, 369, 371, 374, 375, 378, 379, 382, 385, 386, 387, 388, 391, 392, 395, 398, 400, 401, 404, 405, 406, 408, 409, 410, 412, 415, 416, 417, 418, 419, 422, 423, 424, 425, 426, 427, 428, 430, 431, 432, 435, 436, 437, 438, 440, 453, 454, 456, 457, 468, 469, 471, 473, 474, 475, 476, 478, 480, 481, 482, 483, 484, 485, 486, 489, 490, 491, 492, 493, 496, 497, 498, 499, 500, 501, 503, 504, 507, 510, 511, 514, 522, 523, 524, 525, 529, 531, 532, 535, 536, 537, 538, 539, 540, 543, 545, 547, 548, 550, 551, 554, 555, 556, 558, 560, 562, 563, 567, 568, 569, 570, 572, 574, 577, 578, 583, 585, 588, 606, 607, 608, 610, 612, 613, 615, 617, 620, 621, 622, 623, 624, 625, 627, 628, 630, 632, 633, 634, 635, 636, 638, 639, 640, 641, 643, 650, 652, 653, 654, 657, 659, 661, 662, 666, 667, 668, 669, 670, 672, 673], "summary": {"covered_lines": 333, "num_statements": 369, "percent_covered": 90.2439024390244, "percent_covered_display": "90", "missing_lines": 36, "excluded_lines": 2}, "missing_lines": [70, 215, 216, 217, 218, 219, 220, 364, 383, 396, 411, 526, 559, 589, 591, 592, 593, 594, 595, 598, 599, 601, 602, 603, 645, 646, 647, 648, 655, 663, 675, 676, 677, 678, 679, 680], "excluded_lines": [15, 16], "functions": {"PeakBaggerScraper.parse_search_results": {"executed_lines": [33, 34, 35, 39, 40, 41, 42, 45, 46, 47, 48, 51, 52, 54, 55, 56, 57, 60, 61, 62, 64, 65, 68, 69, 72, 75, 78, 81, 82, 83, 86, 87, 90, 91, 92, 93, 94, 95, 97, 109, 110], "summary": {"covered_lines": 41, "num_statements": 42, "percent_covered": 97.61904761904762, "percent_covered_display": "98", "missing_lines": 1, "excluded_lines": 0}, "missing_lines": [70], "excluded_lines": []}, "PeakBaggerScraper.parse_peak_detail": {"executed_lines": [124, 125, 127, 129, 130, 131, 132, 134, 136, 137, 138, 140, 143, 146, 147, 148, 150, 151, 152, 153, 154, 159, 160, 161, 162, 163, 166, 167, 168, 169, 173, 174, 175, 176, 179, 180, 181, 182, 183, 184, 186, 189, 190, 193, 196, 200, 203, 204, 205, 208, 209, 210, 212, 213], "summary": {"covered_lines": 54, "num_statements": 60, "percent_covered": 90.0, "percent_covered_display": "90", "missing_lines": 6, "excluded_lines": 0}, "missing_lines": [215, 216, 217, 218, 219, 220], "excluded_lines": []}, "PeakBaggerScraper._extract_peak_lists": {"executed_lines": [233, 237, 239, 240, 241, 242, 243, 247], "summary": {"covered_lines": 8, "num_statements": 8, "percent_covered": 100.0, "percent_covered_display": "100", "missing_lines": 0, "excluded_lines": 0}, "missing_lines": [], "excluded_lines": []}, "PeakBaggerScraper._extract_routes": {"executed_lines": [260, 264, 266, 267, 268, 270, 273, 276, 277, 278, 281, 282, 283, 286, 287, 288, 290, 292], "summary": {"covered_lines": 18, "num_statements": 18, "percent_covered": 100.0, "percent_covered_display": "100", "missing_lines": 0, "excluded_lines": 0}, "missing_lines": [], "excluded_lines": []}, "PeakBaggerScraper.parse_peak_ascents": {"executed_lines": [308, 309, 310, 313, 314, 317, 318, 319, 321, 322, 323, 324, 327, 328, 329, 332, 333, 335, 338, 342, 343, 345, 346, 347, 350, 352, 353, 354, 357, 358, 359, 360, 361, 363, 366, 369, 371, 374, 375, 378, 379, 382, 385, 386, 387, 388, 391, 392, 395, 398, 400, 401, 404, 405, 406, 408, 409, 410, 412, 415, 416, 417, 418, 419, 422, 423, 424, 425, 426, 427, 428, 430, 431, 432, 435, 436, 437, 438, 440, 453, 454], "summary": {"covered_lines": 81, "num_statements": 85, "percent_covered": 95.29411764705883, "percent_covered_display": "95", "missing_lines": 4, "excluded_lines": 0}, "missing_lines": [364, 383, 396, 411], "excluded_lines": []}, "PeakBaggerScraper.parse_ascent_detail": {"executed_lines": [468, 469, 471, 473, 474, 475, 476, 478, 480, 481, 482, 483, 484, 485, 486, 489, 490, 491, 492, 493, 496, 497, 498, 499, 500, 501, 503, 504, 507, 510, 511, 514, 522, 523, 524, 525, 529, 531, 532, 535, 536, 537, 538, 539, 540, 543, 545, 547, 548, 550, 551, 554, 555, 556, 558, 560, 562, 563, 567, 568, 569, 570, 572, 574, 577, 578, 583, 585, 588, 606, 607, 608, 610, 612, 613, 615, 617, 620, 621, 622, 623, 624, 625, 627, 628, 630, 632, 633, 634, 635, 636, 638, 639, 640, 641, 643, 650, 652, 653, 654, 657, 659, 661, 662, 666, 667, 668, 669, 670, 672, 673], "summary": {"covered_lines": 111, "num_statements": 136, "percent_covered": 81.61764705882354, "percent_covered_display": "82", "missing_lines": 25, "excluded_lines": 0}, "missing_lines": [526, 559, 589, 591, 592, 593, 594, 595, 598, 599, 601, 602, 603, 645, 646, 647, 648, 655, 663, 675, 676, 677, 678, 679, 680], "excluded_lines": []}, "": {"executed_lines": [1, 3, 5, 6, 8, 10, 11, 13, 15, 19, 20, 22, 23, 112, 113, 222, 223, 249, 250, 294, 295, 456, 457], "summary": {"covered_lines": 20, "num_statements": 20, "percent_covered": 100.0, "percent_covered_display": "100", "missing_lines": 0, "excluded_lines": 2}, "missing_lines": [], "excluded_lines": [15, 16]}}, "classes": {"PeakBaggerScraper": {"executed_lines": [33, 34, 35, 39, 40, 41, 42, 45, 46, 47, 48, 51, 52, 54, 55, 56, 57, 60, 61, 62, 64, 65, 68, 69, 72, 75, 78, 81, 82, 83, 86, 87, 90, 91, 92, 93, 94, 95, 97, 109, 110, 124, 125, 127, 129, 130, 131, 132, 134, 136, 137, 138, 140, 143, 146, 147, 148, 150, 151, 152, 153, 154, 159, 160, 161, 162, 163, 166, 167, 168, 169, 173, 174, 175, 176, 179, 180, 181, 182, 183, 184, 186, 189, 190, 193, 196, 200, 203, 204, 205, 208, 209, 210, 212, 213, 233, 237, 239, 240, 241, 242, 243, 247, 260, 264, 266, 267, 268, 270, 273, 276, 277, 278, 281, 282, 283, 286, 287, 288, 290, 292, 308, 309, 310, 313, 314, 317, 318, 319, 321, 322, 323, 324, 327, 328, 329, 332, 333, 335, 338, 342, 343, 345, 346, 347, 350, 352, 353, 354, 357, 358, 359, 360, 361, 363, 366, 369, 371, 374, 375, 378, 379, 382, 385, 386, 387, 388, 391, 392, 395, 398, 400, 401, 404, 405, 406, 408, 409, 410, 412, 415, 416, 417, 418, 419, 422, 423, 424, 425, 426, 427, 428, 430, 431, 432, 435, 436, 437, 438, 440, 453, 454, 468, 469, 471, 473, 474, 475, 476, 478, 480, 481, 482, 483, 484, 485, 486, 489, 490, 491, 492, 493, 496, 497, 498, 499, 500, 501, 503, 504, 507, 510, 511, 514, 522, 523, 524, 525, 529, 531, 532, 535, 536, 537, 538, 539, 540, 543, 545, 547, 548, 550, 551, 554, 555, 556, 558, 560, 562, 563, 567, 568, 569, 570, 572, 574, 577, 578, 583, 585, 588, 606, 607, 608, 610, 612, 613, 615, 617, 620, 621, 622, 623, 624, 625, 627, 628, 630, 632, 633, 634, 635, 636, 638, 639, 640, 641, 643, 650, 652, 653, 654, 657, 659, 661, 662, 666, 667, 668, 669, 670, 672, 673], "summary": {"covered_lines": 313, "num_statements": 349, "percent_covered": 89.68481375358166, "percent_covered_display": "90", "missing_lines": 36, "excluded_lines": 0}, "missing_lines": [70, 215, 216, 217, 218, 219, 220, 364, 383, 396, 411, 526, 559, 589, 591, 592, 593, 594, 595, 598, 599, 601, 602, 603, 645, 646, 647, 648, 655, 663, 675, 676, 677, 678, 679, 680], "excluded_lines": []}, "": {"executed_lines": [1, 3, 5, 6, 8, 10, 11, 13, 15, 19, 20, 22, 23, 112, 113, 222, 223, 249, 250, 294, 295, 456, 457], "summary": {"covered_lines": 20, "num_statements": 20, "percent_covered": 100.0, "percent_covered_display": "100", "missing_lines": 0, "excluded_lines": 2}, "missing_lines": [], "excluded_lines": [15, 16]}}}, "peakbagger/statistics.py": {"executed_lines": [1, 3, 4, 6, 10, 11, 13, 28, 29, 45, 47, 48, 51, 52, 53, 56, 57, 58, 59, 61, 62, 63, 64, 65, 66, 67, 69, 70, 71, 72, 75, 80, 85, 92, 93, 94, 95, 98, 101, 103, 104, 107, 108, 109, 110, 111, 114, 115, 116, 118, 129, 130, 146, 147, 148, 149, 151, 153, 154, 155, 156, 157, 158, 159, 161, 164, 165, 166, 167, 169, 170, 171, 173, 175, 176, 195, 197, 198, 201, 203, 204, 205, 209, 210, 212, 213, 214, 215, 216, 217], "summary": {"covered_lines": 87, "num_statements": 88, "percent_covered": 98.86363636363636, "percent_covered_display": "99", "missing_lines": 1, "excluded_lines": 2}, "missing_lines": [219], "excluded_lines": [6, 7], "functions": {"AscentAnalyzer.calculate_statistics": {"executed_lines": [45, 47, 48, 51, 52, 53, 56, 57, 58, 59, 61, 62, 63, 64, 65, 66, 67, 69, 70, 71, 72, 75, 80, 85, 92, 93, 94, 95, 98, 101, 103, 104, 107, 108, 109, 110, 111, 114, 115, 116, 118], "summary": {"covered_lines": 41, "num_statements": 41, "percent_covered": 100.0, "percent_covered_display": "100", "missing_lines": 0, "excluded_lines": 0}, "missing_lines": [], "excluded_lines": []}, "AscentAnalyzer.filter_by_date_range": {"executed_lines": [146, 147, 148, 149, 151, 153, 154, 155, 156, 157, 158, 159, 161, 164, 165, 166, 167, 169, 170, 171, 173], "summary": {"covered_lines": 21, "num_statements": 21, "percent_covered": 100.0, "percent_covered_display": "100", "missing_lines": 0, "excluded_lines": 0}, "missing_lines": [], "excluded_lines": []}, "AscentAnalyzer.parse_within_period": {"executed_lines": [195, 197, 198, 201, 203, 204, 205, 209, 210, 212, 213, 214, 215, 216, 217], "summary": {"covered_lines": 15, "num_statements": 16, "percent_covered": 93.75, "percent_covered_display": "94", "missing_lines": 1, "excluded_lines": 0}, "missing_lines": [219], "excluded_lines": []}, "": {"executed_lines": [1, 3, 4, 6, 10, 11, 13, 28, 29, 129, 130, 175, 176], "summary": {"covered_lines": 10, "num_statements": 10, "percent_covered": 100.0, "percent_covered_display": "100", "missing_lines": 0, "excluded_lines": 2}, "missing_lines": [], "excluded_lines": [6, 7]}}, "classes": {"AscentAnalyzer": {"executed_lines": [45, 47, 48, 51, 52, 53, 56, 57, 58, 59, 61, 62, 63, 64, 65, 66, 67, 69, 70, 71, 72, 75, 80, 85, 92, 93, 94, 95, 98, 101, 103, 104, 107, 108, 109, 110, 111, 114, 115, 116, 118, 146, 147, 148, 149, 151, 153, 154, 155, 156, 157, 158, 159, 161, 164, 165, 166, 167, 169, 170, 171, 173, 195, 197, 198, 201, 203, 204, 205, 209, 210, 212, 213, 214, 215, 216, 217], "summary": {"covered_lines": 77, "num_statements": 78, "percent_covered": 98.71794871794872, "percent_covered_display": "99", "missing_lines": 1, "excluded_lines": 0}, "missing_lines": [219], "excluded_lines": []}, "": {"executed_lines": [1, 3, 4, 6, 10, 11, 13, 28, 29, 129, 130, 175, 176], "summary": {"covered_lines": 10, "num_statements": 10, "percent_covered": 100.0, "percent_covered_display": "100", "missing_lines": 0, "excluded_lines": 2}, "missing_lines": [], "excluded_lines": [6, 7]}}}}, "totals": {"covered_lines": 984, "num_statements": 1077, "percent_covered": 91.36490250696379, "percent_covered_display": "91", "missing_lines": 93, "excluded_lines": 8}}
